============================================================
[2026-06-19T09:56:56.671Z] NEXUS SHARE gestart
============================================================
[2026-06-19 09:56:56] [PHP Server] Starten van server.php op poort 8000...
[2026-06-19 09:56:56] [PHP] Centrale PHP Directory Server gestart op poort 8000...
[2026-06-19 09:56:57] [PHP Server] Auth server luistert op poort 8000. Klaar!
[2026-06-19 09:56:57] [Server] Web UI actief op poort 3000.
[2026-06-19 09:57:34] [Login] I2P opstarten en inloggen als 'testtest'...
[2026-06-19 09:57:34] [I2P Manager] SAM Bridge offline, maar lokale i2pd.exe gevonden. Starten...
[2026-06-19 09:57:34] [I2P Manager] i2pd daemon gestart in achtergrond. Wachten tot SAM Bridge online komt...
[2026-06-19 09:57:39] [I2P Manager] Wachten tot SAM Bridge online komt... (poging 5/120)
[2026-06-19 09:57:41] [I2P Manager] SAM Bridge is online gekomen en luistert!
[2026-06-19 09:57:41] Maak verbinding met I2P SAM Bridge...
[2026-06-19 09:58:20] Inloggen bij directory server...
[2026-06-19 09:58:20] [Login] Mislukt: Ongeldige inloggegevens
[2026-06-19 09:58:20] [PHP] Mislukte inlogpoging voor: testtest
[2026-06-19 09:58:35] [Register] Registreren van 'testtest'...
[2026-06-19 09:58:35] [Register] Mislukt: Gebruikersnaam bestaat al
[2026-06-19 09:58:48] [Login] I2P opstarten en inloggen als 'testtest'...
[2026-06-19 09:58:48] [I2P Manager] SAM Bridge is al actief op poort 7656.
[2026-06-19 09:58:48] Maak verbinding met I2P SAM Bridge...
[2026-06-19 09:59:00] Inloggen bij directory server...
[2026-06-19 09:59:00] [PHP] Gebruiker ingelogd: testtest op adres: if54g5zpounalhl2ewljbijr5qqqupikemu2tccd2vji5ah7daqa.b32.i2p
[2026-06-19 09:59:00] [Login] Online als 'testtest'. I2P: if54g5zpounalhl2ewljbijr5qqqupikemu2tccd2vji5ah7daqa.b32.i2p
[2026-06-19 09:59:00] P2P Node is online als 'testtest' op I2P.
[2026-06-19 09:59:00] I2P Destination: if54g5zpounalhl2ewljbijr5qqqupikemu2tccd2vji5ah7daqa.b32.i2p

============================================================
[2026-06-22T07:39:06.208Z] NEXUS SHARE gestart
============================================================
[2026-06-22 07:39:06] [PHP Server] Starten van server.php op poort 8000...
[2026-06-22 07:39:06] [PHP FOUT] PHP Warning:  dl(): Dynamically loaded extensions aren't enabled in C:\xampp\htdocs\WeTube\Anti_hack_file_transfer\server.php on line 15
[2026-06-22 07:39:06] [PHP] Warning: dl(): Dynamically loaded extensions aren't enabled in C:\xampp\htdocs\WeTube\Anti_hack_file_transfer\server.php on line 15
[2026-06-22 07:39:06] [PHP FOUT] PHP Fatal error:  Uncaught Error: Call to undefined function socket_create() in C:\xampp\htdocs\WeTube\Anti_hack_file_transfer\server.php:30
[2026-06-22 07:39:06] [PHP FOUT] Stack trace:
[2026-06-22 07:39:06] [PHP FOUT] #0 {main}
[2026-06-22 07:39:06] [PHP FOUT] thrown in C:\xampp\htdocs\WeTube\Anti_hack_file_transfer\server.php on line 30
[2026-06-22 07:39:06] [PHP] Fatal error: Uncaught Error: Call to undefined function socket_create() in C:\xampp\htdocs\WeTube\Anti_hack_file_transfer\server.php:30
[2026-06-22 07:39:06] [PHP] Stack trace:
[2026-06-22 07:39:06] [PHP] #0 {main}
[2026-06-22 07:39:06] [PHP] thrown in C:\xampp\htdocs\WeTube\Anti_hack_file_transfer\server.php on line 30
[2026-06-22 07:39:06] [PHP Server] server.php beëindigd (code 255).
[2026-06-22 07:39:11] [PHP Server] FOUT: Auth server reageerde niet na 5s.
[2026-06-22 07:39:11] [Server] Web UI actief op poort 3000.
[2026-06-22 07:41:45] [Register] Registreren van 'SleepyFlo'...
[2026-06-22 07:41:45] [Register] Netwerkfout: connect ECONNREFUSED 127.0.0.1:8000
[2026-06-22 07:44:22] [Login] I2P opstarten en inloggen als 'SleepyFlo'...
[2026-06-22 07:44:22] [I2P Manager] SAM Bridge offline en geen lokale i2pd.exe gevonden.
[2026-06-22 07:44:22] [I2P Manager] Downloaden van portable PurpleI2P i2pd (v2.60.0) voor Windows...
[2026-06-22 07:44:24] [I2P Manager] Download voltooid. Uitpakken van ZIP via PowerShell...
[2026-06-22 07:44:25] [I2P Manager] Lokale i2pd succesvol geïnstalleerd. Starten...
[2026-06-22 07:44:25] [I2P Manager] i2pd daemon gestart in achtergrond. Wachten tot SAM Bridge online komt...
[2026-06-22 07:44:30] [I2P Manager] Wachten tot SAM Bridge online komt... (poging 5/120)
[2026-06-22 07:44:31] [I2P Manager] SAM Bridge is online gekomen en luistert!
[2026-06-22 07:44:31] Maak verbinding met I2P SAM Bridge...
[2026-06-22 07:44:49] [Register] Registreren van 'SleepyFlo'...
[2026-06-22 07:44:50] [Register] Succes: 'SleepyFlo' aangemaakt.
[2026-06-22 07:44:55] Inloggen bij directory server...
[2026-06-22 07:44:56] [Login] Online als 'SleepyFlo'. I2P: mehu55hdam4nbfnp4eano5ixmmw4tmip3gsnhynz76sr4payl7da.b32.i2p
[2026-06-22 07:44:56] P2P Node is online als 'SleepyFlo' op I2P.
[2026-06-22 07:44:56] I2P Destination: mehu55hdam4nbfnp4eano5ixmmw4tmip3gsnhynz76sr4payl7da.b32.i2p[2026-06-22 08:23:06] [Login] Inloggen als 'SleepyFlo'...
[2026-06-22 08:23:06] [Login] Mislukt: Kan geen verbinding maken met authenticatieserver: getaddrinfo ENOTFOUND webgenie-ai.com
[2026-06-22 08:23:51] [Shutdown] Terminatie ontvangen. Server stopt...
[2026-06-22 08:23:51] [I2P Manager] Stoppen van lokale i2pd daemon...

============================================================
[2026-06-22T08:23:58.119Z] NEXUS SHARE gestart
============================================================
[2026-06-22 08:23:58] 
[2026-06-22 08:23:58] ╔══════════════════════════════════════════════════╗
[2026-06-22 08:23:58] ║         NEXUS SHARE — Web UI (p2p.js)            ║
[2026-06-22 08:23:58] ╠══════════════════════════════════════════════════╣
[2026-06-22 08:23:58] ║  URL:  http://localhost:3000                      ║
[2026-06-22 08:23:58] ║  Log:  nexus.log                                  ║
[2026-06-22 08:23:58] ╚══════════════════════════════════════════════════╝
[2026-06-22 08:23:58] 
[2026-06-22 08:23:58] Browser opent automatisch. Druk CTRL+C om te stoppen.
[2026-06-22 08:23:58] [Server] Web UI actief op poort 3000.
[2026-06-22 08:23:58] [I2P Manager] SAM Bridge offline, maar lokale i2pd.exe gevonden. Starten...
[2026-06-22 08:23:58] [I2P Manager] i2pd daemon gestart in achtergrond. Wachten tot SAM Bridge online komt...
[2026-06-22 08:24:03] [I2P Manager] Wachten tot SAM Bridge online komt... (poging 5/120)
[2026-06-22 08:24:04] [I2P Manager] SAM Bridge is online gekomen en luistert!
[2026-06-22 08:24:04] [I2P Manager] SAM Bridge gedetecteerd. Initialiseren van SAM stream sessie...
[2026-06-22 08:24:04] [Login] Inloggen als 'SleepyFlo'...
[2026-06-22 08:24:04] [Login] Mislukt: Kan geen verbinding maken met authenticatieserver: getaddrinfo ENOTFOUND webgenie-ai.com
[2026-06-22 08:24:31] [I2P Manager] I2P is ONLINE. Base32 adres: e6sroe2i7pfec5726p4tao7ne7af6y65x4tujswdgtpabrqnsjua.b32.i2p
[2026-06-22 08:24:31] P2P Node is online als 'null' op I2P.
[2026-06-22 08:24:31] I2P Destination: e6sroe2i7pfec5726p4tao7ne7af6y65x4tujswdgtpabrqnsjua.b32.i2p
[2026-06-22 08:30:41] [Login] Inloggen als 'SleepyFlo'...
[2026-06-22 08:30:41] [Login] Mislukt: Kan geen verbinding maken met authenticatieserver: getaddrinfo ENOTFOUND webgenie-ai.com
[2026-06-22 08:35:05] [Shutdown] Terminatie ontvangen. Server stopt...
[2026-06-22 08:35:06] [I2P Manager] Stoppen van lokale i2pd daemon...

============================================================
[2026-06-22T08:35:14.249Z] NEXUS SHARE gestart
============================================================
[2026-06-22 08:35:14] 
[2026-06-22 08:35:14] ╔══════════════════════════════════════════════════╗
[2026-06-22 08:35:14] ║         NEXUS SHARE — Web UI (p2p.js)            ║
[2026-06-22 08:35:14] ╠══════════════════════════════════════════════════╣
[2026-06-22 08:35:14] ║  URL:  http://localhost:3000                      ║
[2026-06-22 08:35:14] ║  Log:  nexus.log                                  ║
[2026-06-22 08:35:14] ╚══════════════════════════════════════════════════╝
[2026-06-22 08:35:14] 
[2026-06-22 08:35:14] Browser opent automatisch. Druk CTRL+C om te stoppen.
[2026-06-22 08:35:14] [Server] Web UI actief op poort 3000.
[2026-06-22 08:35:14] [I2P Manager] SAM Bridge offline, maar lokale i2pd.exe gevonden. Starten...
[2026-06-22 08:35:14] [I2P Manager] i2pd daemon gestart in achtergrond. Wachten tot SAM Bridge online komt...
[2026-06-22 08:35:19] [I2P Manager] Wachten tot SAM Bridge online komt... (poging 5/120)
[2026-06-22 08:35:20] [I2P Manager] SAM Bridge is online gekomen en luistert!
[2026-06-22 08:35:20] [I2P Manager] SAM Bridge gedetecteerd. Initialiseren van SAM stream sessie...
[2026-06-22 08:35:31] [Login] Inloggen als 'SleepyFlo'...
[2026-06-22 08:35:31] [Auth] DNS lookup mislukt voor webgenie-ai.com. Herprobeer via www.webgenie-ai.com...
[2026-06-22 08:35:31] [Login] Mislukt: Kan geen verbinding maken met authenticatieserver: getaddrinfo ENOTFOUND www.webgenie-ai.com
[2026-06-22 08:35:35] [I2P Manager] I2P is ONLINE. Base32 adres: 4imjmzdre45yul53sewf66xers4yrvpkslmretodkrbdw2eke6hq.b32.i2p
[2026-06-22 08:35:35] P2P Node is online als 'null' op I2P.
[2026-06-22 08:35:35] I2P Destination: 4imjmzdre45yul53sewf66xers4yrvpkslmretodkrbdw2eke6hq.b32.i2p
[2026-06-22 08:35:54] [Shutdown] Terminatie ontvangen. Server stopt...
[2026-06-22 08:35:55] [I2P Manager] Stoppen van lokale i2pd daemon...
